{"level":"info","message":"test","service":"book","timestamp":"2023-10-12 12:14:26"}
{"level":"info","message":"Server is running on port 3000","service":"book","timestamp":"2023-10-12 12:21:58"}
{"level":"info","message":"Server is running on port 3000","service":"book","timestamp":"2023-10-12 12:22:59"}
{"level":"info","message":"Server is running on port 3000","service":"book","timestamp":"2023-10-12 12:24:53"}
{"level":"info","message":"Server is running on port 3000","service":"book","timestamp":"2023-10-12 12:24:54"}
{"level":"info","message":"Server is running on port 3000","service":"book","timestamp":"2023-10-12 12:24:54"}
{"level":"info","message":"GET /book/ ::ffff:127.0.0.1","service":"book","timestamp":"2023-10-12 12:27:52"}
{"level":"info","message":"Server is running on port 3000","service":"book","timestamp":"2023-10-12 12:32:55"}
{"level":"info","message":"Server is running on port 3000","service":"book","timestamp":"2023-10-12 12:33:47"}
{"level":"info","message":"Server is running on port 3000","service":"book","timestamp":"2023-10-12 12:33:51"}
{"level":"info","message":"Server is running on port 3000","service":"book","timestamp":"2023-10-12 12:34:08"}
{"level":"info","message":"Server is running on port 3000","service":"book","timestamp":"2023-10-12 12:34:17"}
{"level":"info","message":"Server is running on port 3000","service":"book","timestamp":"2023-10-12 12:34:26"}
{"level":"info","message":"Server is running on port 3000","service":"book","timestamp":"2023-10-12 12:34:31"}
{"level":"info","message":"Server is running on port 3000","service":"book","timestamp":"2023-10-12 12:35:04"}
{"level":"info","message":"Server is running on port 3000","service":"book","timestamp":"2023-10-12 12:35:08"}
{"level":"info","message":"Server is running on port 3000","service":"book","timestamp":"2023-10-12 12:35:10"}
{"level":"info","message":"Server is running on port 3000","service":"book","timestamp":"2023-10-12 12:35:20"}
{"level":"info","message":"Server is running on port 3000","service":"book","timestamp":"2023-10-12 12:35:22"}
{"level":"info","message":"Server is running on port 3000","service":"book","timestamp":"2023-10-12 12:35:31"}
{"level":"info","message":"Server is running on port 3000","service":"book","timestamp":"2023-10-12 12:35:37"}
{"level":"info","message":"Server is running on port 3000","service":"book","timestamp":"2023-10-12 12:35:41"}
{"level":"info","message":"Server is running on port 3000","service":"book","timestamp":"2023-10-12 12:35:51"}
{"level":"info","message":"Server is running on port 3000","service":"book","timestamp":"2023-10-12 12:35:58"}
{"level":"info","message":"Server is running on port 3000","service":"book","timestamp":"2023-10-12 12:36:03"}
{"level":"info","message":"Server is running on port 3000","service":"book","timestamp":"2023-10-12 12:36:08"}
{"kind":"ObjectId","level":"error","message":"Cast to ObjectId failed for value \"1\" (type string) at path \"_id\" for model \"Book\"","path":"_id","reason":{},"service":"book","stack":"CastError: Cast to ObjectId failed for value \"1\" (type string) at path \"_id\" for model \"Book\"\n    at ObjectId.cast (/Users/macbookpro/Desktop/Hati-Atelier-backend/node_modules/mongoose/lib/schema/objectid.js:250:11)\n    at SchemaType.applySetters (/Users/macbookpro/Desktop/Hati-Atelier-backend/node_modules/mongoose/lib/schematype.js:1219:12)\n    at SchemaType.castForQuery (/Users/macbookpro/Desktop/Hati-Atelier-backend/node_modules/mongoose/lib/schematype.js:1631:15)\n    at cast (/Users/macbookpro/Desktop/Hati-Atelier-backend/node_modules/mongoose/lib/cast.js:375:32)\n    at Query.cast (/Users/macbookpro/Desktop/Hati-Atelier-backend/node_modules/mongoose/lib/query.js:4910:12)\n    at Query._castConditions (/Users/macbookpro/Desktop/Hati-Atelier-backend/node_modules/mongoose/lib/query.js:2232:10)\n    at model.Query._findOne (/Users/macbookpro/Desktop/Hati-Atelier-backend/node_modules/mongoose/lib/query.js:2519:8)\n    at model.Query.exec (/Users/macbookpro/Desktop/Hati-Atelier-backend/node_modules/mongoose/lib/query.js:4430:28)\n    at process.processTicksAndRejections (node:internal/process/task_queues:95:5)\n    at async /Users/macbookpro/Desktop/Hati-Atelier-backend/routes/books.js:15:18","stringValue":"\"1\"","timestamp":"2023-10-12 12:36:27","value":"1","valueType":"string"}
{"level":"info","message":"Server is running on port 3000","service":"book","timestamp":"2023-10-12 12:37:21"}
{"level":"info","message":"Server is running on port 3000","service":"book","timestamp":"2023-10-12 12:37:25"}
{"level":"info","message":"Server is running on port 3000","service":"book","timestamp":"2023-10-12 12:37:30"}
{"level":"info","message":"Server is running on port 3000","service":"book","timestamp":"2023-10-12 12:37:31"}
{"level":"info","message":"Server is running on port 3000","service":"book","timestamp":"2023-10-12 12:37:34"}
{"level":"info","message":"Server is running on port 3000","service":"book","timestamp":"2023-10-12 12:37:36"}
{"level":"info","message":"Server is running on port 3000","service":"book","timestamp":"2023-10-12 12:37:38"}
{"level":"info","message":"Server is running on port 3000","service":"book","timestamp":"2023-10-12 12:37:42"}
{"level":"info","message":"Server is running on port 3000","service":"book","timestamp":"2023-10-12 12:37:44"}
{"level":"info","message":"Server is running on port 3000","service":"book","timestamp":"2023-10-12 12:37:47"}
{"level":"info","message":"Server is running on port 3000","service":"book","timestamp":"2023-10-12 12:37:48"}
{"level":"info","message":"Server is running on port 3000","service":"book","timestamp":"2023-10-12 12:37:50"}
{"level":"info","message":"Server is running on port 3000","service":"book","timestamp":"2023-10-12 12:38:04"}
{"level":"info","message":"Server is running on port 3000","service":"book","timestamp":"2023-10-12 12:38:26"}
{"level":"info","message":"Server is running on port 3000","service":"book","timestamp":"2023-10-12 12:38:28"}
{"level":"info","message":"Server is running on port 3000","service":"book","timestamp":"2023-10-12 12:38:30"}
{"level":"info","message":"Server is running on port 3000","service":"book","timestamp":"2023-10-12 12:38:31"}
{"level":"info","message":"Server is running on port 3000","service":"book","timestamp":"2023-10-12 12:38:36"}
{"level":"info","message":"Server is running on port 3000","service":"book","timestamp":"2023-10-12 12:38:55"}
{"level":"info","message":"Server is running on port 3000","service":"book","timestamp":"2023-10-12 12:38:56"}
{"level":"info","message":"Server is running on port 3000","service":"book","timestamp":"2023-10-12 12:39:04"}
{"level":"info","message":"Server is running on port 3000","service":"book","timestamp":"2023-10-12 12:39:07"}
{"level":"info","message":"Server is running on port 3000","service":"book","timestamp":"2023-10-12 12:39:08"}
{"level":"info","message":"Server is running on port 3000","service":"book","timestamp":"2023-10-12 12:39:10"}
{"level":"info","message":"Server is running on port 3000","service":"book","timestamp":"2023-10-12 12:39:17"}
{"level":"info","message":"Server is running on port 3000","service":"book","timestamp":"2023-10-12 12:39:20"}
{"level":"info","message":"Server is running on port 3000","service":"book","timestamp":"2023-10-12 12:39:44"}
{"level":"info","message":"Server is running on port 3000","service":"book","timestamp":"2023-10-12 12:39:50"}
{"level":"info","message":"Server is running on port 3000","service":"book","timestamp":"2023-10-12 12:39:54"}
{"level":"info","message":"Server is running on port 3000","service":"book","timestamp":"2023-10-12 12:40:12"}
{"level":"info","message":"Server is running on port 3000","service":"book","timestamp":"2023-10-12 12:40:13"}
{"level":"info","message":"Server is running on port 3000","service":"book","timestamp":"2023-10-12 12:40:16"}
{"level":"info","message":"Server is running on port 3000","service":"book","timestamp":"2023-10-12 12:40:19"}
{"level":"info","message":"Server is running on port 3000","service":"book","timestamp":"2023-10-12 12:40:30"}
{"level":"info","message":"Server is running on port 3000","service":"book","timestamp":"2023-10-12 13:44:03"}
{"_message":"Book validation failed","errors":{"author":{"kind":"required","message":"Path `author` is required.","name":"ValidatorError","path":"author","properties":{"message":"Path `author` is required.","path":"author","type":"required"}},"genre":{"kind":"required","message":"Path `genre` is required.","name":"ValidatorError","path":"genre","properties":{"message":"Path `genre` is required.","path":"genre","type":"required"}},"pages":{"kind":"required","message":"Path `pages` is required.","name":"ValidatorError","path":"pages","properties":{"message":"Path `pages` is required.","path":"pages","type":"required"}},"publish":{"kind":"required","message":"Path `publish` is required.","name":"ValidatorError","path":"publish","properties":{"message":"Path `publish` is required.","path":"publish","type":"required"}},"title":{"kind":"required","message":"Path `title` is required.","name":"ValidatorError","path":"title","properties":{"message":"Path `title` is required.","path":"title","type":"required"}}},"level":"error","message":"Book validation failed: publish: Path `publish` is required., genre: Path `genre` is required., pages: Path `pages` is required., author: Path `author` is required., title: Path `title` is required.","service":"book","stack":"ValidationError: Book validation failed: publish: Path `publish` is required., genre: Path `genre` is required., pages: Path `pages` is required., author: Path `author` is required., title: Path `title` is required.\n    at Document.invalidate (/Users/macbookpro/Desktop/Hati-Atelier-backend/node_modules/mongoose/lib/document.js:3173:32)\n    at /Users/macbookpro/Desktop/Hati-Atelier-backend/node_modules/mongoose/lib/document.js:2966:17\n    at /Users/macbookpro/Desktop/Hati-Atelier-backend/node_modules/mongoose/lib/schematype.js:1367:9\n    at process.processTicksAndRejections (node:internal/process/task_queues:77:11)","timestamp":"2023-10-12 13:44:24"}
{"level":"info","message":"POST /users/ ::ffff:127.0.0.1","service":"book","timestamp":"2023-10-12 13:44:35"}
{"level":"info","message":"Server is running on port 3000","service":"book","timestamp":"2023-10-12 13:45:46"}
{"level":"info","message":"POST /users/ ::ffff:127.0.0.1","service":"book","timestamp":"2023-10-12 13:46:04"}
{"body":"{\n\t\"username\":\"tokio\",\n\t\"password\":\"azerty\",\n\n}","expose":true,"level":"error","message":"Unexpected token } in JSON at position 46","service":"book","stack":"SyntaxError: Unexpected token } in JSON at position 46\n    at JSON.parse (<anonymous>)\n    at parse (/Users/macbookpro/Desktop/Hati-Atelier-backend/node_modules/body-parser/lib/types/json.js:89:19)\n    at /Users/macbookpro/Desktop/Hati-Atelier-backend/node_modules/body-parser/lib/read.js:128:18\n    at AsyncResource.runInAsyncScope (node:async_hooks:203:9)\n    at invokeCallback (/Users/macbookpro/Desktop/Hati-Atelier-backend/node_modules/raw-body/index.js:231:16)\n    at done (/Users/macbookpro/Desktop/Hati-Atelier-backend/node_modules/raw-body/index.js:220:7)\n    at IncomingMessage.onEnd (/Users/macbookpro/Desktop/Hati-Atelier-backend/node_modules/raw-body/index.js:280:7)\n    at IncomingMessage.emit (node:events:517:28)\n    at endReadableNT (node:internal/streams/readable:1368:12)\n    at process.processTicksAndRejections (node:internal/process/task_queues:82:21)","status":400,"statusCode":400,"timestamp":"2023-10-12 13:47:20","type":"entity.parse.failed"}
{"level":"info","message":"POST /users/ ::ffff:127.0.0.1","service":"book","timestamp":"2023-10-12 13:47:30"}
{"level":"info","message":"Server is running on port 3000","service":"book","timestamp":"2023-10-12 13:50:45"}
{"level":"info","message":"POST /users/ ::ffff:127.0.0.1","service":"book","timestamp":"2023-10-12 13:50:48"}
{"level":"info","message":"Server is running on port 3000","service":"book","timestamp":"2023-10-12 13:51:03"}
{"level":"info","message":"POST /users/ ::ffff:127.0.0.1","service":"book","timestamp":"2023-10-12 13:51:49"}
{"level":"info","message":"Server is running on port 3000","service":"book","timestamp":"2023-10-12 13:52:58"}
{"level":"info","message":"Server is running on port 3000","service":"book","timestamp":"2023-10-12 13:54:13"}
{"level":"info","message":"Server is running on port 3000","service":"book","timestamp":"2023-10-12 13:54:20"}
{"level":"info","message":"Server is running on port 3000","service":"book","timestamp":"2023-10-12 13:55:11"}
{"level":"info","message":"POST /register/ ::ffff:127.0.0.1","service":"book","timestamp":"2023-10-12 13:58:52"}
{"level":"info","message":"POST /register/ ::ffff:127.0.0.1","service":"book","timestamp":"2023-10-12 13:59:54"}
{"level":"info","message":"Server is running on port 3000","service":"book","timestamp":"2023-10-12 14:00:06"}
{"level":"info","message":"POST /register/ ::ffff:127.0.0.1","service":"book","timestamp":"2023-10-12 14:00:10"}
{"level":"info","message":"PUT /books ::ffff:127.0.0.1","service":"book","timestamp":"2023-10-12 14:04:30"}
{"level":"info","message":"PUT /books ::ffff:127.0.0.1","service":"book","timestamp":"2023-10-12 14:05:22"}
{"level":"info","message":"Server is running on port 3000","service":"book","timestamp":"2023-10-12 14:07:20"}
{"level":"info","message":"Server is running on port 3000","service":"book","timestamp":"2023-10-12 14:07:21"}
{"level":"info","message":"Server is running on port 3000","service":"book","timestamp":"2023-10-12 14:12:59"}
{"level":"info","message":"Server is running on port 3000","service":"book","timestamp":"2023-10-12 14:15:39"}
{"level":"info","message":"GET /users/login ::ffff:127.0.0.1","service":"book","timestamp":"2023-10-12 14:19:27"}
{"level":"info","message":"GET /users/login ::ffff:127.0.0.1","service":"book","timestamp":"2023-10-12 14:21:09"}
{"level":"info","message":"Server is running on port 3000","service":"book","timestamp":"2023-10-12 14:25:52"}
{"level":"info","message":"GET /users/login ::ffff:127.0.0.1","service":"book","timestamp":"2023-10-12 14:25:55"}
{"level":"info","message":"GET /users/profil ::ffff:127.0.0.1","service":"book","timestamp":"2023-10-12 14:26:06"}
{"level":"error","message":"Invalid token","service":"book","stack":"Error: Invalid token\n    at /Users/macbookpro/Desktop/Hati-Atelier-backend/tools/jwt.js:24:29\n    at module.exports [as verify] (/Users/macbookpro/Desktop/Hati-Atelier-backend/node_modules/jsonwebtoken/verify.js:70:12)\n    at checkToken (/Users/macbookpro/Desktop/Hati-Atelier-backend/tools/jwt.js:22:13)\n    at Layer.handle [as handle_request] (/Users/macbookpro/Desktop/Hati-Atelier-backend/node_modules/express/lib/router/layer.js:95:5)\n    at trim_prefix (/Users/macbookpro/Desktop/Hati-Atelier-backend/node_modules/express/lib/router/index.js:328:13)\n    at /Users/macbookpro/Desktop/Hati-Atelier-backend/node_modules/express/lib/router/index.js:286:9\n    at Function.process_params (/Users/macbookpro/Desktop/Hati-Atelier-backend/node_modules/express/lib/router/index.js:346:12)\n    at next (/Users/macbookpro/Desktop/Hati-Atelier-backend/node_modules/express/lib/router/index.js:280:10)\n    at Function.handle (/Users/macbookpro/Desktop/Hati-Atelier-backend/node_modules/express/lib/router/index.js:175:3)\n    at router (/Users/macbookpro/Desktop/Hati-Atelier-backend/node_modules/express/lib/router/index.js:47:12)","timestamp":"2023-10-12 14:26:12"}
{"level":"error","message":"Invalid token","service":"book","stack":"Error: Invalid token\n    at /Users/macbookpro/Desktop/Hati-Atelier-backend/tools/jwt.js:24:29\n    at module.exports [as verify] (/Users/macbookpro/Desktop/Hati-Atelier-backend/node_modules/jsonwebtoken/verify.js:70:12)\n    at checkToken (/Users/macbookpro/Desktop/Hati-Atelier-backend/tools/jwt.js:22:13)\n    at Layer.handle [as handle_request] (/Users/macbookpro/Desktop/Hati-Atelier-backend/node_modules/express/lib/router/layer.js:95:5)\n    at trim_prefix (/Users/macbookpro/Desktop/Hati-Atelier-backend/node_modules/express/lib/router/index.js:328:13)\n    at /Users/macbookpro/Desktop/Hati-Atelier-backend/node_modules/express/lib/router/index.js:286:9\n    at Function.process_params (/Users/macbookpro/Desktop/Hati-Atelier-backend/node_modules/express/lib/router/index.js:346:12)\n    at next (/Users/macbookpro/Desktop/Hati-Atelier-backend/node_modules/express/lib/router/index.js:280:10)\n    at Function.handle (/Users/macbookpro/Desktop/Hati-Atelier-backend/node_modules/express/lib/router/index.js:175:3)\n    at router (/Users/macbookpro/Desktop/Hati-Atelier-backend/node_modules/express/lib/router/index.js:47:12)","timestamp":"2023-10-12 14:26:51"}
{"level":"info","message":"Server is running on port 3000","service":"book","timestamp":"2023-10-12 14:27:32"}
{"level":"error","message":"Invalid token","service":"book","stack":"Error: Invalid token\n    at /Users/macbookpro/Desktop/Hati-Atelier-backend/tools/jwt.js:24:29\n    at module.exports [as verify] (/Users/macbookpro/Desktop/Hati-Atelier-backend/node_modules/jsonwebtoken/verify.js:70:12)\n    at checkToken (/Users/macbookpro/Desktop/Hati-Atelier-backend/tools/jwt.js:22:13)\n    at Layer.handle [as handle_request] (/Users/macbookpro/Desktop/Hati-Atelier-backend/node_modules/express/lib/router/layer.js:95:5)\n    at trim_prefix (/Users/macbookpro/Desktop/Hati-Atelier-backend/node_modules/express/lib/router/index.js:328:13)\n    at /Users/macbookpro/Desktop/Hati-Atelier-backend/node_modules/express/lib/router/index.js:286:9\n    at Function.process_params (/Users/macbookpro/Desktop/Hati-Atelier-backend/node_modules/express/lib/router/index.js:346:12)\n    at next (/Users/macbookpro/Desktop/Hati-Atelier-backend/node_modules/express/lib/router/index.js:280:10)\n    at Function.handle (/Users/macbookpro/Desktop/Hati-Atelier-backend/node_modules/express/lib/router/index.js:175:3)\n    at router (/Users/macbookpro/Desktop/Hati-Atelier-backend/node_modules/express/lib/router/index.js:47:12)","timestamp":"2023-10-12 14:27:54"}
{"level":"info","message":"Server is running on port 3000","service":"book","timestamp":"2023-10-12 14:28:38"}
{"level":"error","message":"Invalid token","service":"book","stack":"Error: Invalid token\n    at /Users/macbookpro/Desktop/Hati-Atelier-backend/tools/jwt.js:24:29\n    at module.exports [as verify] (/Users/macbookpro/Desktop/Hati-Atelier-backend/node_modules/jsonwebtoken/verify.js:70:12)\n    at checkToken (/Users/macbookpro/Desktop/Hati-Atelier-backend/tools/jwt.js:22:13)\n    at Layer.handle [as handle_request] (/Users/macbookpro/Desktop/Hati-Atelier-backend/node_modules/express/lib/router/layer.js:95:5)\n    at trim_prefix (/Users/macbookpro/Desktop/Hati-Atelier-backend/node_modules/express/lib/router/index.js:328:13)\n    at /Users/macbookpro/Desktop/Hati-Atelier-backend/node_modules/express/lib/router/index.js:286:9\n    at Function.process_params (/Users/macbookpro/Desktop/Hati-Atelier-backend/node_modules/express/lib/router/index.js:346:12)\n    at next (/Users/macbookpro/Desktop/Hati-Atelier-backend/node_modules/express/lib/router/index.js:280:10)\n    at Function.handle (/Users/macbookpro/Desktop/Hati-Atelier-backend/node_modules/express/lib/router/index.js:175:3)\n    at router (/Users/macbookpro/Desktop/Hati-Atelier-backend/node_modules/express/lib/router/index.js:47:12)","timestamp":"2023-10-12 14:28:51"}
{"level":"info","message":"Server is running on port 3000","service":"book","timestamp":"2023-10-12 14:39:56"}
{"level":"error","message":"Invalid token","service":"book","stack":"Error: Invalid token\n    at /Users/macbookpro/Desktop/Hati-Atelier-backend/tools/jwt.js:24:29\n    at module.exports [as verify] (/Users/macbookpro/Desktop/Hati-Atelier-backend/node_modules/jsonwebtoken/verify.js:70:12)\n    at checkToken (/Users/macbookpro/Desktop/Hati-Atelier-backend/tools/jwt.js:22:13)\n    at Layer.handle [as handle_request] (/Users/macbookpro/Desktop/Hati-Atelier-backend/node_modules/express/lib/router/layer.js:95:5)\n    at trim_prefix (/Users/macbookpro/Desktop/Hati-Atelier-backend/node_modules/express/lib/router/index.js:328:13)\n    at /Users/macbookpro/Desktop/Hati-Atelier-backend/node_modules/express/lib/router/index.js:286:9\n    at Function.process_params (/Users/macbookpro/Desktop/Hati-Atelier-backend/node_modules/express/lib/router/index.js:346:12)\n    at next (/Users/macbookpro/Desktop/Hati-Atelier-backend/node_modules/express/lib/router/index.js:280:10)\n    at Function.handle (/Users/macbookpro/Desktop/Hati-Atelier-backend/node_modules/express/lib/router/index.js:175:3)\n    at router (/Users/macbookpro/Desktop/Hati-Atelier-backend/node_modules/express/lib/router/index.js:47:12)","timestamp":"2023-10-12 14:40:58"}
{"level":"info","message":"Server is running on port 3000","service":"book","timestamp":"2023-10-12 14:47:24"}
